<?xml version="1.0" encoding="UTF-8"?>
<!-- Generated by org.testng.reporters.JUnitReportReporter -->
<testsuite hostname="Abishek4" failures="0" tests="5" name="UserTest" time="15.163" errors="0" timestamp="2024-01-23T20:21:17 IST" skipped="0">
  <testcase classname="UserTest" name="test2" time="7.901"/>
  <system-out/>
  <testcase classname="UserTest" name="test1" time="2.931"/>
  <system-out/>
  <testcase classname="UserTest" name="test3" time="1.234"/>
  <system-out/>
  <testcase classname="UserTest" name="test4" time="1.643"/>
  <system-out/>
  <testcase classname="UserTest" name="test5" time="1.454"/>
  <system-out/>
</testsuite> <!-- UserTest -->
